# The block of messages below are only found in this file. If you'd
# like to override them for other languages, simply add the keys
# to the other resource bundles.
webapp.name=VMS Portal
webapp.tagline=Ban Vien
webapp.version=Version ${webapp.version}
company.name=Ban Vien Co., Ltd
company.url=http://www.banvien.com/
copyright.year=2012
copyright.text=\u00A9 2012 Website n\u1ED9i b\u1ED9 Trung t\u00E2m Th\u00F4ng tin Di \u0111\u1ED9ng Khu v\u1EF1c 2 (VMS).<br/>Mobifone gi\u1EEF b\u1EA3n quy\u1EC1n n\u1ED9i dung tr\u00EAn website n\u00E0y.
copyright.vms.text=\u00A9 2012 Website n\u1ED9i b\u1ED9 Trung t\u00E2m Th\u00F4ng tin Di \u0111\u1ED9ng Khu v\u1EF1c 2 (VMS).<br/>Mobifone gi\u1EEF b\u1EA3n quy\u1EC1n n\u1ED9i dung tr\u00EAn website n\u00E0y.
welcome.user=Xin ch\u00E0o {0}\!

# -- validator errors --
errors.invalid={0} kh\u00F4ng \u0111\u00FAng.
errors.maxlength={0} kh\u00F4ng th\u1EC3 nhi\u1EC1u h\u01A1n {1} k\u00ED t\u1EF1.
errors.minlength={0} kh\u00F4ng th\u1EC3 \u00EDt h\u01A1n {1} k\u00ED t\u1EF1.
errors.range={0} kh\u00F4ng \u0111\u01B0\u1EE3c n\u1EB1m trong kho\u1EA3ng {1} \u0111\u1EBFn {2}.
errors.required={0} l\u00E0 gi\u00E1 tr\u1ECB b\u1EAFt bu\u1ED9c.
errors.byte={0} must be an byte.
errors.date={0} is not a date.
errors.double={0} must be an double.
errors.float={0} must be an float.
errors.integer={0} must be a number.
errors.long={0} must be an long.
errors.short={0} must be an short.
errors.creditcard={0} is not a valid credit card number.
errors.email={0} is an invalid e-mail address.
errors.phone={0} is an invalid phone number.
errors.zip={0} is an invalid zip code.
errors.duplicate = {0} \u0111\u00E3 t\u1ED3n t\u1EA1i
errors.invalid.format = {0} is in invalid format
error.value.required=Required field
error.duplicated= {0} \u0111\u00E3 t\u1ED3n t\u1EA1i
error.invalid.format=Invalid format


# -- error page messages --
errorPage.title=An error has occurred
errorPage.heading=Unexpected Error
errorPage.unexpectedMessage=An unexpected error has occurred. You might try returning to the <a href="javascript:history.go(-1)">previous page</a> or contact your system administrator for more details.
404.title=Page Not Found
404.message=The page you requested was not found.  You might try returning to the <a href="{0}">Home Page</a>.
403.title=Access Denied
403.message=Your current role does not allow you to view this page.  Please contact your system administrator if you believe you should have access.

#--Common Message
database.delete.exception=Kh\u00F4ng \u0111\u1ED1i t\u01B0\u1EE3ng n\u00E0o b\u1ECB x\u00F3a. Vui l\u00F2ng th\u1EED l\u1EA1i.
database.multipledelete.exception=Kh\u00F4ng th\u1EC3 x\u00F3a \u0111\u1ED1i t\u01B0\u1EE3ng. B\u1EA1n h\u00E3y x\u00F3a t\u1EA5t c\u1EA3 c\u00E1c \u0111\u1ED1i t\u01B0\u1EE3ng c\u00F3 li\u00EAn quan \u0111\u1EBFn n\u00F3 \u0111\u1EA7u ti\u00EAn.
database.items.deleted=C\u00F3 {0} \u0111\u1ED1i t\u01B0\u1EE3ng \u0111\u01B0\u1EE3c x\u00F3a th\u00E0nh c\u00F4ng.
database.items.updated=C\u00F3 {0} \u0111\u1ED1i t\u01B0\u1EE3ng \u0111\u01B0\u1EE3c c\u1EADp nh\u1EADt th\u00E0nh c\u00F4ng.
database.items.rejected=C\u00F3 {0} \u0111\u1ED1i t\u01B0\u1EE3ng \u0111\u01B0\u1EE3c \u1EA9n th\u00E0nh c\u00F4ng.
database.items.publiced=C\u00F3 {0} \u0111\u1ED1i t\u01B0\u1EE3ng \u0111\u01B0\u1EE3c hi\u1EC3n th\u1ECB th\u00E0nh c\u00F4ng.
database.exception.keynotfound=Kh\u00F4ng c\u00F3 \u0111\u1ED1i t\u01B0\u1EE3ng n\u00E0o \u0111\u01B0\u1EE3c t\u00ECm th\u1EA5y
general.exception.msg=C\u00F3 l\u1ED7i x\u1EA3y ra
database.delete.successful=C\u00E1c \u0111\u1ED1i t\u01B0\u1EE3ng \u0111\u00E3 \u0111\u01B0\u1EE3c x\u00F3a th\u00E0nh c\u00F4ng.
database.public.successful=C\u00E1c \u0111\u1ED1i t\u01B0\u1EE3ng \u0111\u00E3 \u0111\u01B0\u1EE3c hi\u1EC3n th\u1ECB th\u00E0nh c\u00F4ng.
database.reject.successful=C\u00E1c \u0111\u1ED1i t\u01B0\u1EE3ng \u0111\u00E3 \u0111\u01B0\u1EE3c \u1EA9n th\u00E0nh c\u00F4ng.
database.update.successful=C\u00E1c \u0111\u1ED1i t\u01B0\u1EE3ng \u0111\u00E3 \u0111\u01B0\u1EE3c c\u1EADp nh\u1EADt th\u00E0nh c\u00F4ng.
database.add.successful=\u0110\u00E3 th\u00EAm th\u00E0nh c\u00F4ng.

#--Flow Message
process.approve.to.editor.successfull=B\u00E0i vi\u1EBFt \u0111\u00E3 \u0111\u01B0\u1EE3c chuy\u1EC3n \u0111\u1EBFn nh\u00F3m bi\u00EAn t\u1EADp th\u00E0nh c\u00F4ng
process.approve.to.approver.successfull=B\u00E0i vi\u1EBFt \u0111\u00E3 \u0111\u01B0\u1EE3c chuy\u1EC3n \u0111\u1EBFn nh\u00F3m x\u00E9t duy\u1EC7t th\u00E0nh c\u00F4ng
process.approve.to.publisher.successfull=B\u00E0i vi\u1EBFt \u0111\u00E3 \u0111\u01B0\u1EE3c chuy\u1EC3n \u0111\u1EBFn nh\u00F3m xu\u1EA5t b\u1EA3n th\u00E0nh c\u00F4ng
process.reject.successfull=B\u00E0i vi\u1EBFt \u0111\u00E3 \u0111\u01B0\u1EE3c chuy\u1EC3n \u0111\u1EBFn nh\u00F3m so\u1EA1n tin th\u00E0nh c\u00F4ng
process.approve.to.their.own=\u0110\u00E3 g\u1EEDi email \u0111\u1EBFn c\u00E1c th\u00E0nh vi\u00EAn th\u00E0nh c\u00F4ng
process.not.doing=C\u00F3 {0} b\u00E0i vi\u1EBFt kh\u00F4ng th\u1EF1c hi\u1EC7n \u0111\u01B0\u1EE3c trong quy tr\u00ECnh
process.approved.success=C\u00F3 {0} b\u00E0i vi\u1EBFt \u0111\u01B0\u1EE3c duy\u1EC7t.
process.reject.success=C\u00F3 {0} b\u00E0i vi\u1EBFt b\u1ECB ph\u1EA3n h\u1ED3i.


#--Label
label.all=T\u1EA5t c\u1EA3
label.display.all=Hi\u1EC3n th\u1ECB t\u1EA5t c\u1EA3
label.status=Tr\u1EA1ng th\u00E1i
label.active=K\u00EDch ho\u1EA1t
label.inactive=Ch\u01B0a k\u00EDch ho\u1EA1t
label.options=Actions
label.top.view=T\u1ED1p l\u01B0\u1EE3t xem
label.top.like=T\u1ED1p y\u00EAu th\u00EDch
label.top.comment=T\u1ED1p \u0111\u00E1nh gi\u00E1
label.search=T\u00ECm ki\u1EBFm
label.yes=C\u00F3
label.no=Kh\u00F4ng
#--Buttons
button.add=T\u1EA1o M\u1EDBi
button.delete=X\u00F3a
button.search=T\u00ECm ki\u1EBFm
button.save=L\u01B0u
button.update=C\u1EADp Nh\u1EADt
button.back=Tr\u1EDF v\u1EC1
button.import=Import
button.applyFilter=Apply Filter
button.report=Report
button.export=Export to Excel
button.reaudit=Re-Audit
button.reject=Kh\u00F4ng hi\u1EC3n th\u1ECB
button.public=Hi\u1EC3n th\u1ECB
button.appeal=Appeal
button.close=Close
button.next=Ti\u1EBFp t\u1EE5c
button.send=G\u1EEDi b\u00E0i
#Login
login.title=\u0110\u0103ng Nh\u1EADp
login.mysite=Trang C\u00E1 Nh\u00E2n
login.info=Nh\u1EADp t\u00EAn \u0111\u0103ng nh\u1EADp v\u00E0 m\u1EADt kh\u1EA9u c\u1EE7a b\u1EA1n \u0111\u1EC3 \u0111\u0103ng nh\u1EADp v\u00E0o h\u1EC7 th\u1ED1ng
login.username=T\u00EAn \u0111\u0103ng nh\u1EADp
login.password=M\u1EADt kh\u1EA9u
login.invalid=T\u00EAn \u0111\u0103ng nh\u1EADp v\u00E0 m\u1EADt kh\u1EA9u kh\u00F4ng \u0111\u00FAng. Xin vui l\u00F2ng th\u1EED l\u1EA1i.
login.expired=Phi\u00EAn l\u00E0m vi\u1EC7c c\u1EE7a b\u1EA1n \u0111\u00E3 h\u1EBFt. Xin vui l\u00F2ng \u0111\u0103ng nh\u1EADp l\u1EA1i \u0111\u1EC3 ti\u1EBFp t\u1EE5c.
#Logout
logout=\u0110\u0103ng xu\u1EA5t

#Navigation
menu.department=Ph\u00F2ng ban
menu.authoringtemplate=M\u1EABu c\u1EA5u tr\u00FAc
menu.renderingtemplate=M\u1EABu th\u1EC3 hi\u1EC7n
menu.category=Danh m\u1EE5c tin
menu.content=N\u1ED9i dung
menu.page=Qu\u1EA3n l\u00FD trang
menu.user=Ng\u01B0\u1EDDi d\u00F9ng
menu.usergroup=Nh\u00F3m ng\u01B0\u1EDDi d\u00F9ng
menu.role=Vai tr\u00F2
menu.updateAds=C\u1eadp nh\u1eadt QC
menu.feedback=Ph\u1ea3n h\u1ed3i
menu.feedbackcategory=Danh m\u1ee5c ph\u1ea3n h\u1ed3i
#Department
department=Ph\u00F2ng ban
department.management=Qu\u1EA3n l\u00FD ph\u00F2ng ban
department.code=M\u00E3 ph\u00F2ng ban
department.name=T\u00EAn ph\u00F2ng ban
department.isbranch=L\u00e0 chi nh\u00e1nh
department.email=Email
department.description=M\u00F4 t\u1EA3
department.edit=Thay \u0111\u1ED5i ph\u00F2ng ban
department.add=T\u1EA1o m\u1EDBi ph\u00F2ng ban
separtment.select.option=Ch\u1ECDn ph\u00F2ng ban

#Authoring Template 
authoringtemplate.template=M\u1EABu c\u1EA5u tr\u00FAc
authoringtemplate.management=Qu\u1EA3n l\u00FD m\u1EABu c\u1EA5u tr\u00FAc n\u1ED9i dung
authoringtemplate.code=M\u00E3 s\u1ED1
authoringtemplate.comment.yes=\u0110\u01B0\u1EE3c b\u00ECnh lu\u1EADn
authoringtemplate.comment.no=Kh\u00F4ng \u0111\u01B0\u1EE3c b\u00ECnh lu\u1EADn
authoringtemplate.name=T\u00EAn m\u1EABu c\u1EA5u tr\u00FAc
authoringtemplate.xsdfile=Xsd File
authoringtemplate.hasthumbnail=H\u00ECnh \u0111\u1EA1i di\u1EC7n
authoringtemplate.hashotitem=\u0110\u01B0a v\u00E0o m\u1EE5c tin n\u00F3ng
authoringtemplate.hasdepartment=Theo ph\u00F2ng ban
authoringtemplate.edit=Thay \u0111\u1ED5i m\u1EABu c\u1EA5u tr\u00FAc
authoringtemplate.access=Ph\u00E2n quy\u1EC1n m\u1EABu c\u1EA5u tr\u00FAc
authoringtemplate.add=T\u1EA1o m\u1EDBi m\u1EABu c\u1EA5u tr\u00FAc

authoringtemplate.designer=Thi\u1EBFt k\u1EBF c\u1EA5u tr\u00FAc m\u1EABu tin
authoringtemplate.designer.displayname=T\u00EAn hi\u1EC3n th\u1ECB
authoringtemplate.designer.name=T\u00EAn thu\u1ED9c t\u00EDnh
authoringtemplate.designer.type=Ki\u1EC3u d\u1EEF li\u1EC7u
authoringtemplate.designer.type.boolean=\u0110\u00FAng/Sai
authoringtemplate.designer.type.numeric=Ki\u1EC3u s\u1ED1
authoringtemplate.designer.type.plaintext=V\u0103n b\u1EA3n th\u01B0\u1EDDng
authoringtemplate.designer.type.richtext=V\u0103n b\u1EA3n \u0111a ph\u01B0\u01A1ng ti\u1EC7n
authoringtemplate.designer.type.image=H\u00ECnh \u1EA3nh
authoringtemplate.designer.type.attachment=\u0110\u00EDnh k\u00E8m
authoringtemplate.designer.defaultvalue=Gi\u00E1 tr\u1ECB m\u1EB7c \u0111\u1ECBnh
authoringtemplate.designer.constraintvalues=T\u1EADp gi\u00E1 tr\u1ECB
authoringtemplate.designer.insertnode=Thi\u1EBFt k\u1EBF c\u1EA5u tr\u00FAc m\u1EABu tin tr\u01B0\u1EDBc


#Mail Subject
content.approve.mail.subject=VMS - B\u00e0i vi\u1ebft m\u1edbi y\u00eau c\u1ea7u x\u00e9t duy\u1ec7t
content.reject.mail.subject=VMS - B\u00e0i vi\u1ebft b\u1ecb t\u1eeb ch\u1ed1i \u0111\u0103ng t\u1ea3i
content.approve.sms.subject=VMS - Ban co bai viet moi yeu cau xet duyet
content.reject.sms.subject=VMS - Ban co bai viet bi tu choi dang tai

authoringtemplate.designer.constraintvalues.note=Ph\u00E2n t\u00E1ch b\u1EB1ng c\u00E1ch xu\u1ED1ng d\u00F2ng
authoringtemplate.designer.occurs=S\u1ED1 l\u1EA7n xu\u1EA5t hi\u1EC7n
authoringtemplate.designer.minoccurs=T\u1EEB
authoringtemplate.designer.maxoccurs=\u0111\u1EBFn
authoringtemplate.designer.occurs.unlimited=Kh\u00F4ng gi\u1EDBi h\u1EA1n
boolean.true=\u0110\u00FAng
boolean.false=Sai
#home
home.home=Trang ch\u1EE7
home.company=Trung t\u00E2m
home.department=Ph\u00F2ng ban
home.business=Kinh doanh
home.it=K\u1EF9 thu\u1EADt
home.care=CSKH
home.agent=Chi nh\u00E1nh
home.forum=Di\u1EC5n \u0111\u00E0n
home.title=TRUNG T\u00C2M TH\u00D4NG TIN DI \u0110\u1ED8NG KHU V\u1EF0C II
home.local=Website n\u1ED9i b\u1ED9
home.application=\u1EE8ng d\u1EE5ng
home.topviews=Tin \u0111\u1ECDc nhi\u1EC1u
home.topcomments=B\u00ECnh lu\u1EADn nhi\u1EC1u
admin.browser.not.install.flash.warn=Vui l\u00F2ng c\u00E0i \u0111\u1EB7t Flash Plugin cho tr\u00ECnh duy\u1EC7t c\u1EE7a b\u1EA1n\!


#Rendering Template
renderingtemplate.template=M\u1EABu th\u1EC3 hi\u1EC7n
renderingtemplate.management=Qu\u1EA3n l\u00FD m\u1EABu th\u1EC3 hi\u1EC7n
renderingtemplate.code=M\u00E3 s\u1ED1
renderingtemplate.name=T\u00EAn m\u1EABu th\u1EC3 hi\u1EC7n
renderingtemplate.xsltfile=XSLT File
renderingtemplate.edit=Thay \u0111\u1ED5i m\u1EABu th\u1EC3 hi\u1EC7n
renderingtemplate.add=T\u1EA1o m\u1EDBi m\u1EABu th\u1EC3 hi\u1EC7n

#Category
category=Danh m\u1EE5c tin
category.management=Qu\u1EA3n l\u00FD danh m\u1EE5c tin
category.code=M\u00E3 danh m\u1EE5c
category.name=T\u00EAn danh m\u1EE5c
category.keyword=T\u1EEB kh\u00F3a
category.description=M\u00F4 t\u1EA3
category.displayorder=Th\u1EE9 t\u1EF1 hi\u1EC3n th\u1ECB
category.authoringtemplate=C\u1EA5u tr\u00FAc m\u1EABu tin m\u1EB7c \u0111\u1ECBnh
category.renderingtemplate=M\u1EABu th\u1EC3 hi\u1EC7n m\u1EB7c \u0111\u1ECBnh
category.edit=Thay \u0111\u1ED5i danh m\u1EE5c tin
category.add=T\u1EA1o m\u1EDBi danh m\u1EE5c tin
category.access=Ph\u00E2n quy\u1EC1n danh m\u1EE5c tin

#Tracking
tracking=k\u1EBFt qu\u1EA3 th\u1ED1ng k\u00EA
tracking.management=Qu\u1EA3n l\u00FD th\u1ED1ng k\u00EA truy c\u1EADp
tracking.content=N\u1ED9i dung theo d\u00F5i
tracking.views=L\u01B0\u1EE3t xem
tracking.liked=Th\u00EDch
tracking.dislike=Kh\u00F4ng th\u00EDch
tracking.edit=Thay \u0111\u1ED5i
tracking.add=T\u1EA1o m\u1EDBi
trackingDate=Ng\u00E0y theo d\u00F5i

#Content
content=n\u1ED9i dung
content.title=Ti\u00EAu \u0111\u1EC1
content.keyword=T\u1EEB kh\u00F3a
content.management=Qu\u1EA3n l\u00FD n\u1ED9i dung
content.thumbnail=H\u00ECnh \u0111\u1EA1i di\u1EC7n
content.accesspolicy=Truy c\u1EADp
content.displayorder=Th\u1EE9 t\u1EF1 hi\u1EC3n th\u1ECB
content.hot=Tin n\u00F3ng
content.add=T\u1EA1o m\u1EDBi n\u1ED9i dung
content.edit=Thay \u0111\u1ED5i n\u1ED9i dung
content.delete=X\u00F3a
content.tracking=Th\u1ED1ng k\u00EA
content.approve=Ph\u00EA duy\u1EC7t
content.accesspolicy.allowshare=Cho ph\u00E9p chia s\u1EBB
content.accesspolicy.notallowshare=Kh\u00F4ng cho ph\u00E9p chia s\u1EBB
content.accesspolicy.everyone=T\u1EA5t c\u1EA3
content.accesspolicy.private=C\u00E1 nh\u00E2n
content.authoringtemplate.required=Vui l\u00F2ng ch\u1ECDn m\u1EABu c\u1EA5u tr\u00FAc tin \u0111\u1EC3 bi\u00EAn
content.authoringcontent=N\u1ED9i dung b\u1EA3n tin
content.category=Danh m\u1EE5c tin
content.department=Ph\u00f2ng ban
content.reject=Kh\u00F4ng duy\u1EC7t
content.flow.approve=Ph\u00EA duy\u1EC7t xu\u1EA5t b\u1EA3n
content.published.date=Ng\u00E0y \u0111\u0103ng b\u00E0i
content.published=\u0110\u00E3 \u0111\u0103ng
content.waiting=Ch\u1EDD x\u00E9t duy\u1EC7t
content.reject.option=B\u1ECB t\u1EEB ch\u1ED1i
content.status=T\u00ECnh tr\u1EA1ng
content.sms.relation=C\u00E1c SMS li\u00EAn quan

#Comment
comment=B\u00ECnh lu\u1EADn
comment.commenttext=N\u1ED9i dung
comment.status=Hi\u1EC3n th\u1ECB
comment.status.public=C\u00F3
comment.status.reject=Kh\u00F4ng
comment.management=Qu\u1EA3n l\u00FD b\u00ECnh lu\u1EADn


#commons
button.edit=S\u1EEDa
button.cancel=H\u1EE7y b\u1ECF
button.submit=X\u00E1c nh\u1EADn
button.detail=Chi ti\u1EBFt
button.view=Xem
button.approve=Approve
button.addmore=Add More
button.print=Print
button.insert=Ch\u00E8n v\u00E0o
actions=Actions
delete.confirm=B\u1EA1n c\u00F3 th\u1EADt s\u1EF1 mu\u1ED1n x\u00F3a c\u00E1c ph\u1EA7n t\u1EED \u0111\u00E3 ch\u1ECDn kh\u00F4ng?
delete.confirm.title=X\u00E1c nh\u1EADn
delete.confirm.one=B\u1EA1n mu\u1ED1n x\u00F3a ph\u1EA7n t\u1EED n\u00E0y kh\u00F4ng?
createdDate=Ng\u00E0y t\u1EA1o
modifiedDate=Thay \u0111\u1ED5i
action=Thao t\u00E1c
fromDate=T\u1EEB ng\u00E0y
toDate=\u0110\u1EBFn ng\u00E0y

access.control.list=Access Control List
filter=Filter
delete.successful=Delete successful.
delete.inuse=Could not delete, item is in use
update.successful=Update successful.
delete.failure=Delete failure.
update.failure=Update failure.
save.successful=Save successful.
save.failure=Save failure.
error.occurred=An error occurred.
import.from.excel=Import from Excel
show.more=Show more
show.less=Show less
label.display=\#S\u1ED1 d\u00F2ng hi\u1EC3n th\u1ECB
label.total.record=\#T\u1ED5ng s\u1ED1 d\u00F2ng


#User group
usergroup.list=Danh s\u00E1ch nh\u00F3m ng\u01B0\u1EDDi d\u00F9ng
usergroup=Nh\u00F3m ng\u01B0\u1EDDi d\u00F9ng
usergroup.management=Qu\u1EA3n l\u00FD nh\u00F3m ng\u01B0\u1EDDi d\u00F9ng
usergroup.newgroup=T\u1EA1o nh\u00F3m ng\u01B0\u1EDDi d\u00F9ng m\u1EDBi
usergroup.name=T\u00EAn
usergroup.code=M\u00E3 nh\u00F3m
usergroup.form.code=M\u00E3 nh\u00F3m
usergroup.form.name=T\u00EAn nh\u00F3m
usergroup.add=Th\u00EAm nh\u00F3m m\u1EDBi
usergroup.edit=Thay \u0111\u1ED5i th\u00F4ng tin
usergroup.description=M\u00F4 t\u1EA3

#User
user=Ng\u01B0\u1EDDi d\u00F9ng
user.management=Qu\u1EA3n l\u00FD ng\u01B0\u1EDDi d\u00F9ng
user.access=Ph\u00E2n quy\u1EC1n ng\u01B0\u1EDDi d\u00F9ng
user.list=Danh s\u00E1ch ng\u01B0\u1EDDi d\u00F9ng
user.form.username=T\u00EAn \u0111\u0103ng nh\u1EADp
user.form.email=Email
user.form.displayname=T\u00EAn hi\u1EC3n th\u1ECB
user.form.department=Ph\u00F2ng ban
user.form.region=Qu\u1ED1c gia
user.form.usergroup=Thu\u1ED9c nh\u00F3m
user.usergroup.select=Ch\u1ECDn nh\u00F3m ng\u01B0\u1EDDi d\u00F9ng
user.form.avatar=H\u00ECnh \u0111\u1EA1i di\u1EC7n
#Role
role.description=M\u00F4 t\u1EA3
role=Vai tr\u00F2
role.name=T\u00EAn
role.role=M\u00E3
role.management=Qu\u1EA3n l\u00FD vai tr\u00F2
role.list=Danh s\u00E1ch vai tr\u00F2
role.newrole=Vai tr\u00F2 m\u1EDBi
role.add=T\u1EA1o m\u1EDBi vai tr\u00F2
role.edit=Thay \u0111\u1ED5i vai tr\u00F2
role.form.role=M\u00E3 vai tr\u00F2

#page
page.keyword=T\u1EEB kh\u00F3a
page=Trang web
page.code=M\u00E3 trang
page.title=Ti\u00EAu \u0111\u1EC1
page.theme=Theme
page.layout=B\u1ED1 c\u1EE5c
page.layout.onecolumn=M\u1ED9t c\u1ED9t
page.layout.twocolumn=Hai c\u1ED9t
page.layout.threecolumn=Ba c\u1ED9t
page.management=Qu\u1EA3n l\u00FD trang
page.list=Danh s\u00E1ch c\u00E1c trang
page.add=T\u1EA1o m\u1EDBi trang
page.edit=Thay \u0111\u1ED5i trang
page.xml=C\u1EA5u tr\u00FAc XML

user.displayname=H\u1ECD v\u00E0 t\u00EAn
user.username=T\u00EAn \u0111\u0103ng nh\u1EADp
user.email=Email
user.password=M\u1EADt kh\u1EA9u
user.usergroup=Nh\u00F3m ng\u01B0\u1EDDi d\u00F9ng
user.department=Ph\u00F2ng ban
user.firstname=H\u1ECD
user.lastname=T\u00EAn
user.edit=Thay \u0111\u1ED5i th\u00F4ng tin
user.add=Th\u00EAm ng\u01B0\u1EDDi d\u00F9ng m\u1EDBi
user.mobile=S\u1ED1 di \u0111\u1ED9ng
user.status=Tr\u1EA1ng th\u00E1i


user.newuser=New User
user.status.active=K\u00EDch ho\u1EA1t
user.stauts.disable=Kh\u00F3a
user.uploadfromcsv=Upload from csv
user.accessrole=Access
user.landid=LAN ID
user.lanid.notfound=LAN ID not found
user.lanid.error.empty=Please input LAN ID
user.lanid.error.duplicate=Duplicate LAN ID
user.email.error.duplicate=Duplicate email


#poll
poll.item.name=Tu\u1EF3 ch\u1ECDn
poll.item.result=K\u1EBFt qu\u1EA3

#Report
report=B\u00E1o c\u00E1o
report.by.posttime=Th\u1EDDi gian \u0111\u0103ng b\u00E0i
report.by.department=Theo ph\u00F2ng ban
report.by.access=Theo l\u01B0\u1EE3t truy c\u1EADp
report.by.like=Theo y\u00EAu th\u00EDch
report.by.vote=S\u1ED1 l\u01B0\u1EE3ng \u0111\u00E1nh gi\u00E1
report.by.posttime.management=B\u00E1o c\u00E1o theo th\u1EDDi gian \u0111\u0103ng b\u00E0i
report.by.department.management=B\u00E1o c\u00E1o theo ph\u00F2ng ban
report.by.access.management=B\u00E1o c\u00E1o theo l\u01B0\u1EE3t truy c\u1EADp
report.by.like.management=B\u00E1o c\u00E1o theo l\u01B0\u1EE3t y\u00EAu th\u00EDch
report.by.vote.management=B\u00E1o c\u00E1o theo l\u01B0\u1EE3t \u0111\u00E1nh gi\u00E1
report.author=T\u00e1c gi\u1ea3
report.department=Ph\u00f2ng ban
#Mobi8
mobi8.viewCount=\u0110\u00E3 xem
mobi8.replyCount=Tr\u1EA3 l\u1EDDi

mysite.document=T\u00E0i li\u1EC7u c\u00E1 nh\u00E2n
mysite.content=B\u00E0i vi\u1EBFt
mysite.profile=H\u1ED3 s\u01A1 c\u00E1 nh\u00E2n
label.filter=T\u00ECm ki\u1EBFm
profile.update.successful=H\u1ED3 s\u01A1 c\u1EE7a b\u1EA1n \u0111\u00E3 \u0111\u01B0\u1EE3c c\u1EADp nh\u1EADt th\u00E0nh c\u00F4ng.
profile.update.fail=C\u00F3 l\u1ED7i x\u1EA3y ra trong qu\u00E1 tr\u00ECnh c\u1EADp nh\u1EADt h\u1ED3 s\u01A1 c\u00E1 nh\u00E2n. Xin vui l\u00F2ng th\u1EED l\u1EA1i.

migration.management=Chuy\u1ec3n \u0111\u1ed5i n\u1ed9i dung
migration.crawlerurl=\u0110\u1ecba ch\u1ec9 URL
migration.authoringtemplate=C\u1ea5u tr\u00fac n\u1ed9i dung
migration.category=Danh m\u1ee5c
migration.department=Ph\u00f2ng ban
button.crawler=L\u1ea5y n\u1ed9i dung
migration.message=C\u00f3 {0}/{1} n\u1ed9i dung \u0111\u01b0\u1ee3c chuy\u1ec3n \u0111\u1ed5i th\u00e0nh c\u00f4ng.
content.attachments=\u0110\u00ednh k\u00e8m
migration.maxcrawlitem=S\u1ed1 l\u01b0\u1ee3ng ph\u1ea7n t\u1eed

#Category
feedbackcategory=Danh m\u1EE5c ph\u1ea3n h\u1ed3i
feedbackcategory.management=Qu\u1EA3n l\u00FD danh m\u1EE5c ph\u1ea3n h\u1ed3i
feedbackcategory.name=T\u00EAn danh m\u1EE5c
feedbackcategory.description=M\u00F4 t\u1EA3
feedbackcategory.edit=Thay \u0111\u1ED5i danh m\u1EE5c ph\u1ea3n h\u1ed3i
feedbackcategory.add=T\u1EA1o m\u1EDBi danh m\u1EE5c ph\u1ea3n h\u1ed3i

#Feedback
feedback=Ph\u1ea3n h\u1ed3i
feedback.management=Qu\u1ea3n l\u00fd ph\u1ea3n h\u1ed3i
feedback.department=Ph\u00f2ng ban
feedback.category=Danh m\u1ee5c
feedback.title=Ti\u00eau \u0111\u1ec1
feedback.content=N\u1ed9i dung
feedback.createdby=Ng\u01b0\u1eddi g\u1eedi
status.new=Y\u00eau c\u1ea7u m\u1edbi
status.replied=\u0110\u00e3 tr\u1ea3 l\u1eddi
feedback.createddate=Ng\u00e0y ti\u1ebfp nh\u1eadn
feedback.sent.successful=Y\u00eau c\u1ea7u c\u1ee7a b\u1ea1n \u0111\u00e3 \u0111\u01b0\u1ee3c g\u1eedi th\u00e0nh c\u00f4ng.
feedback.sent.failed=C\u00f3 l\u1ed7i x\u1ea3y ra trong qu\u00e1 tr\u00ecnh g\u1eedi y\u00eau c\u1ea7u c\u1ee7a b\u1ea1n. Xin vui l\u00f2ng th\u1eed l\u1ea1i.


#Feedbackreply
feedbackreply.content = N\u1ed9i dung
feedbackreply.add = Th\u00eam tr\u1ea3 l\u1eddi
feedbackreply.edit = S\u1eeda tr\u1ea3 l\u1eddi
feedbackreply = Tr\u1ea3 l\u1eddi
feedback.username = Ng\u01b0\u1eddi tr\u1ea3 l\u1eddi
feedback.createdDate = Ng\u00e0y T\u1ea1o

